<?xml version="1.0" encoding="UTF-8"?>
<testsuite xmlns:xsi="http://www.w3.org/2001/XMLSchema-instance" xsi:noNamespaceSchemaLocation="https://maven.apache.org/surefire/maven-surefire-plugin/xsd/surefire-test-report-3.0.xsd" version="3.0" name="com.tdd_demo.tdd.LeapYearControllerTest" time="4.455" tests="2" errors="0" skipped="0" failures="0">
  <properties>
[...]
</properties>
  <testcase name="testLeapYear" classname="com.tdd_demo.tdd.LeapYearControllerTest" time="0.209">
    <system-out><![CDATA[11:59:01.579 [main] INFO org.springframework.test.context.support.AnnotationConfigContextLoaderUtils -- Could not detect default configuration classes for test class [com.tdd_demo.tdd.LeapYearControllerTest]: LeapYearControllerTest does not declare any static, non-private, non-final, nested classes annotated with @Configuration.
11:59:01.846 [main] INFO org.springframework.boot.test.context.SpringBootTestContextBootstrapper -- Found @SpringBootConfiguration com.tdd_demo.tdd.TddDemoApplication for test class com.tdd_demo.tdd.LeapYearControllerTest
11:59:02.000 [main] INFO org.springframework.boot.devtools.restart.RestartApplicationListener -- Restart disabled due to context in which it is running

  .   ____          _            __ _ _
 /\\ / ___'_ __ _ _(_)_ __  __ _ \ \ \ \
( ( )\___ | '_ | '_| | '_ \/ _` | \ \ \ \
 \\/  ___)| |_)| | | | | || (_| |  ) ) ) )
  '  |____| .__|_| |_|_| |_\__, | / / / /
 =========|_|==============|___/=/_/_/_/

 :: Spring Boot ::                (v3.3.2)

2024-08-21T11:59:02.362+05:30  INFO 29028 --- [tdd-demo] [           main] c.tdd_demo.tdd.LeapYearControllerTest    : Starting LeapYearControllerTest using Java 17.0.11 with PID 29028 (started by kiran in C:\STS\tdd-demo\tdd-demo)
2024-08-21T11:59:02.364+05:30  INFO 29028 --- [tdd-demo] [           main] c.tdd_demo.tdd.LeapYearControllerTest    : No active profile set, falling back to 1 default profile: "default"
2024-08-21T11:59:05.395+05:30  INFO 29028 --- [tdd-demo] [           main] o.s.b.t.m.w.SpringBootMockServletContext : Initializing Spring TestDispatcherServlet ''
2024-08-21T11:59:05.396+05:30  INFO 29028 --- [tdd-demo] [           main] o.s.t.web.servlet.TestDispatcherServlet  : Initializing Servlet ''
2024-08-21T11:59:05.399+05:30  INFO 29028 --- [tdd-demo] [           main] o.s.t.web.servlet.TestDispatcherServlet  : Completed initialization in 1 ms
2024-08-21T11:59:05.432+05:30  INFO 29028 --- [tdd-demo] [           main] c.tdd_demo.tdd.LeapYearControllerTest    : Started LeapYearControllerTest in 3.451 seconds (process running for 4.782)
]]></system-out>
  </testcase>
  <testcase name="testNonLeapYear" classname="com.tdd_demo.tdd.LeapYearControllerTest" time="0.01"/>
</testsuite>